<?xml version="1.0" encoding="UTF-8"?>
<testng-results ignored="0" total="1" passed="1" failed="0" skipped="0">
  <reporter-output>
  </reporter-output>
  <suite started-at="2020-11-19T20:48:02 IST" name="Suite" finished-at="2020-11-19T20:48:24 IST" duration-ms="22018">
    <groups>
    </groups>
    <test started-at="2020-11-19T20:48:02 IST" name="Test" finished-at="2020-11-19T20:48:24 IST" duration-ms="22018">
      <class name="testcasespackage.testcases">
        <test-method is-config="true" signature="beforeMethod()[pri:0, instance:testcasespackage.testcases@44a7bfbc]" started-at="2020-11-19T20:48:02 IST" name="beforeMethod" finished-at="2020-11-19T20:48:16 IST" duration-ms="13492" status="PASS">
          <reporter-output>
          </reporter-output>
        </test-method> <!-- beforeMethod -->
        <test-method signature="f()[pri:0, instance:testcasespackage.testcases@44a7bfbc]" started-at="2020-11-19T20:48:16 IST" name="f" finished-at="2020-11-19T20:48:24 IST" duration-ms="8478" status="PASS">
          <reporter-output>
          </reporter-output>
        </test-method> <!-- f -->
        <test-method is-config="true" signature="afterMethod()[pri:0, instance:testcasespackage.testcases@44a7bfbc]" started-at="2020-11-19T20:48:24 IST" name="afterMethod" finished-at="2020-11-19T20:48:24 IST" duration-ms="0" status="PASS">
          <reporter-output>
          </reporter-output>
        </test-method> <!-- afterMethod -->
      </class> <!-- testcasespackage.testcases -->
    </test> <!-- Test -->
  </suite> <!-- Suite -->
</testng-results>
